#
# There is insufficient memory for the Java Runtime Environment to continue.
# Native memory allocation (malloc) failed to allocate 1103536 bytes for Chunk::new
# Possible reasons:
#   The system is out of physical RAM or swap space
#   The process is running with CompressedOops enabled, and the Java Heap may be blocking the growth of the native heap
# Possible solutions:
#   Reduce memory load on the system
#   Increase physical memory or swap space
#   Check if swap backing store is full
#   Decrease Java heap size (-Xmx/-Xms)
#   Decrease number of Java threads
#   Decrease Java thread stack sizes (-Xss)
#   Set larger code cache with -XX:ReservedCodeCacheSize=
#   JVM is running with Unscaled Compressed Oops mode in which the Java heap is
#     placed in the first 4GB address space. The Java Heap base address is the
#     maximum limit for the native heap growth. Please use -XX:HeapBaseMinAddress
#     to set the Java Heap base and to place the Java Heap above 4GB virtual address.
# This output file may be truncated or incomplete.
#
#  Out of Memory Error (arena.cpp:189), pid=8456, tid=24104
#
# JRE version: OpenJDK Runtime Environment (17.0.6) (build 17.0.6+0-b2043.56-10027231)
# Java VM: OpenJDK 64-Bit Server VM (17.0.6+0-b2043.56-10027231, mixed mode, tiered, compressed oops, compressed class ptrs, g1 gc, windows-amd64)
# No core dump will be written. Minidumps are not enabled by default on client versions of Windows
#

---------------  S U M M A R Y ------------

Command Line: --add-opens=java.base/java.util=ALL-UNNAMED --add-opens=java.base/java.lang=ALL-UNNAMED --add-opens=java.base/java.lang.invoke=ALL-UNNAMED --add-opens=java.prefs/java.util.prefs=ALL-UNNAMED --add-opens=java.base/java.nio.charset=ALL-UNNAMED --add-opens=java.base/java.net=ALL-UNNAMED --add-opens=java.base/java.util.concurrent.atomic=ALL-UNNAMED -Xmx2048m -Dfile.encoding=UTF-8 -Duser.country=IN -Duser.language=en -Duser.variant org.gradle.launcher.daemon.bootstrap.GradleDaemon 8.0

Host: AMD Ryzen 3 3250U with Radeon Graphics         , 4 cores, 5G,  Windows 11 , 64 bit Build 26100 (10.0.26100.8246)
Time: Mon Apr 20 14:28:55 2026 India Standard Time elapsed time: 74.355155 seconds (0d 0h 1m 14s)

---------------  T H R E A D  ---------------

Current thread (0x0000025a5b8134c0):  JavaThread "C2 CompilerThread0" daemon [_thread_in_native, id=24104, stack(0x000000b8b2800000,0x000000b8b2900000)]


Current CompileTask:
C2:  74355 2891       4       java.util.zip.ZipFile$Source::initCEN (591 bytes)

Stack: [0x000000b8b2800000,0x000000b8b2900000]
Native frames: (J=compiled Java code, j=interpreted, Vv=VM code, C=native code)
V  [jvm.dll+0x683c9a]
V  [jvm.dll+0x8427a4]
V  [jvm.dll+0x843f9e]
V  [jvm.dll+0x844603]
V  [jvm.dll+0x249b75]
V  [jvm.dll+0xabcac]
V  [jvm.dll+0xac27c]
V  [jvm.dll+0x368857]
V  [jvm.dll+0x1bd0b8]
V  [jvm.dll+0x21c359]
V  [jvm.dll+0x21b621]
V  [jvm.dll+0x1a4fdd]
V  [jvm.dll+0x22b098]
V  [jvm.dll+0x229159]
V  [jvm.dll+0x7f81ec]
V  [jvm.dll+0x7f274a]
V  [jvm.dll+0x682ad5]
C  [ucrtbase.dll+0x37b0]
C  [KERNEL32.DLL+0x2e8d7]
C  [ntdll.dll+0x8c3fc]


---------------  P R O C E S S  ---------------

Threads class SMR info:
_java_thread_list=0x0000025a5e665090, length=32, elements={
0x0000025a4168f110, 0x0000025a5ac63260, 0x0000025a5ac64890, 0x0000025a5ac4d0d0,
0x0000025a5ac4fda0, 0x0000025a5b812010, 0x0000025a5b8128d0, 0x0000025a5b8134c0,
0x0000025a5b819700, 0x0000025a5b81bab0, 0x0000025a5b98e410, 0x0000025a5b98e8e0,
0x0000025a5e878080, 0x0000025a5c6fc030, 0x0000025a5e16bac0, 0x0000025a5cc7db40,
0x0000025a5cc7e010, 0x0000025a5c836d60, 0x0000025a5c835080, 0x0000025a5c835550,
0x0000025a5c837700, 0x0000025a5c836890, 0x0000025a5c837bd0, 0x0000025a5c837230,
0x0000025a5c838570, 0x0000025a5c835ef0, 0x0000025a5c838a40, 0x0000025a5c835a20,
0x0000025a5c8363c0, 0x0000025a5e12a0a0, 0x0000025a5e128890, 0x0000025a5e128d60
}

Java Threads: ( => current thread )
  0x0000025a4168f110 JavaThread "main" [_thread_blocked, id=15516, stack(0x000000b8b1b00000,0x000000b8b1c00000)]
  0x0000025a5ac63260 JavaThread "Reference Handler" daemon [_thread_blocked, id=10468, stack(0x000000b8b2200000,0x000000b8b2300000)]
  0x0000025a5ac64890 JavaThread "Finalizer" daemon [_thread_blocked, id=25436, stack(0x000000b8b2300000,0x000000b8b2400000)]
  0x0000025a5ac4d0d0 JavaThread "Signal Dispatcher" daemon [_thread_blocked, id=13276, stack(0x000000b8b2400000,0x000000b8b2500000)]
  0x0000025a5ac4fda0 JavaThread "Attach Listener" daemon [_thread_blocked, id=26992, stack(0x000000b8b2500000,0x000000b8b2600000)]
  0x0000025a5b812010 JavaThread "Service Thread" daemon [_thread_blocked, id=2932, stack(0x000000b8b2600000,0x000000b8b2700000)]
  0x0000025a5b8128d0 JavaThread "Monitor Deflation Thread" daemon [_thread_blocked, id=640, stack(0x000000b8b2700000,0x000000b8b2800000)]
=>0x0000025a5b8134c0 JavaThread "C2 CompilerThread0" daemon [_thread_in_native, id=24104, stack(0x000000b8b2800000,0x000000b8b2900000)]
  0x0000025a5b819700 JavaThread "C1 CompilerThread0" daemon [_thread_blocked, id=14252, stack(0x000000b8b2900000,0x000000b8b2a00000)]
  0x0000025a5b81bab0 JavaThread "Sweeper thread" daemon [_thread_blocked, id=22272, stack(0x000000b8b2a00000,0x000000b8b2b00000)]
  0x0000025a5b98e410 JavaThread "Common-Cleaner" daemon [_thread_blocked, id=6836, stack(0x000000b8b2b00000,0x000000b8b2c00000)]
  0x0000025a5b98e8e0 JavaThread "Notification Thread" daemon [_thread_blocked, id=27396, stack(0x000000b8b2c00000,0x000000b8b2d00000)]
  0x0000025a5e878080 JavaThread "Daemon health stats" [_thread_blocked, id=22416, stack(0x000000b8b3100000,0x000000b8b3200000)]
  0x0000025a5c6fc030 JavaThread "Incoming local TCP Connector on port 24260" [_thread_in_native, id=24816, stack(0x000000b8b1900000,0x000000b8b1a00000)]
  0x0000025a5e16bac0 JavaThread "Daemon periodic checks" [_thread_blocked, id=17836, stack(0x000000b8b3200000,0x000000b8b3300000)]
  0x0000025a5cc7db40 JavaThread "Daemon" [_thread_blocked, id=26232, stack(0x000000b8b3300000,0x000000b8b3400000)]
  0x0000025a5cc7e010 JavaThread "Handler for socket connection from /127.0.0.1:24260 to /127.0.0.1:24261" [_thread_in_native, id=2876, stack(0x000000b8b3400000,0x000000b8b3500000)]
  0x0000025a5c836d60 JavaThread "Cancel handler" [_thread_blocked, id=15628, stack(0x000000b8b3500000,0x000000b8b3600000)]
  0x0000025a5c835080 JavaThread "Daemon worker" [_thread_in_Java, id=24200, stack(0x000000b8b3600000,0x000000b8b3700000)]
  0x0000025a5c835550 JavaThread "Asynchronous log dispatcher for DefaultDaemonConnection: socket connection from /127.0.0.1:24260 to /127.0.0.1:24261" [_thread_blocked, id=25372, stack(0x000000b8b3700000,0x000000b8b3800000)]
  0x0000025a5c837700 JavaThread "Stdin handler" [_thread_blocked, id=27644, stack(0x000000b8b3800000,0x000000b8b3900000)]
  0x0000025a5c836890 JavaThread "Daemon client event forwarder" [_thread_blocked, id=20644, stack(0x000000b8b3900000,0x000000b8b3a00000)]
  0x0000025a5c837bd0 JavaThread "Cache worker for journal cache (C:\Users\HP\.gradle\caches\journal-1)" [_thread_blocked, id=5984, stack(0x000000b8b3a00000,0x000000b8b3b00000)]
  0x0000025a5c837230 JavaThread "File lock request listener" [_thread_in_native, id=2612, stack(0x000000b8b3b00000,0x000000b8b3c00000)]
  0x0000025a5c838570 JavaThread "Cache worker for file hash cache (C:\Users\HP\.gradle\caches\8.0\fileHashes)" [_thread_blocked, id=23564, stack(0x000000b8b3c00000,0x000000b8b3d00000)]
  0x0000025a5c835ef0 JavaThread "File watcher server" daemon [_thread_in_native, id=11304, stack(0x000000b8b3d00000,0x000000b8b3e00000)]
  0x0000025a5c838a40 JavaThread "File watcher consumer" daemon [_thread_blocked, id=21140, stack(0x000000b8b3e00000,0x000000b8b3f00000)]
  0x0000025a5c835a20 JavaThread "jar transforms" [_thread_blocked, id=6572, stack(0x000000b8b4100000,0x000000b8b4200000)]
  0x0000025a5c8363c0 JavaThread "jar transforms Thread 2" [_thread_blocked, id=3792, stack(0x000000b8b4200000,0x000000b8b4300000)]
  0x0000025a5e12a0a0 JavaThread "jar transforms Thread 3" [_thread_blocked, id=25368, stack(0x000000b8b4300000,0x000000b8b4400000)]
  0x0000025a5e128890 JavaThread "jar transforms Thread 4" [_thread_blocked, id=26024, stack(0x000000b8b4400000,0x000000b8b4500000)]
  0x0000025a5e128d60 JavaThread "File lock release action executor" [_thread_blocked, id=23200, stack(0x000000b8b4500000,0x000000b8b4600000)]

Other Threads:
  0x0000025a5ac40160 VMThread "VM Thread" [stack: 0x000000b8b2100000,0x000000b8b2200000] [id=3400]
  0x0000025a5b98edb0 WatcherThread [stack: 0x000000b8b2d00000,0x000000b8b2e00000] [id=9280]
  0x0000025a416ecf80 GCTaskThread "GC Thread#0" [stack: 0x000000b8b1c00000,0x000000b8b1d00000] [id=25128]
  0x0000025a5bd61e70 GCTaskThread "GC Thread#1" [stack: 0x000000b8b2e00000,0x000000b8b2f00000] [id=280]
  0x0000025a5bdfe630 GCTaskThread "GC Thread#2" [stack: 0x000000b8b2f00000,0x000000b8b3000000] [id=24944]
  0x0000025a5be1b9c0 GCTaskThread "GC Thread#3" [stack: 0x000000b8b3000000,0x000000b8b3100000] [id=9636]
  0x0000025a416fddd0 ConcurrentGCThread "G1 Main Marker" [stack: 0x000000b8b1d00000,0x000000b8b1e00000] [id=24116]
  0x0000025a416ff3c0 ConcurrentGCThread "G1 Conc#0" [stack: 0x000000b8b1e00000,0x000000b8b1f00000] [id=17188]
  0x0000025a4174e210 ConcurrentGCThread "G1 Refine#0" [stack: 0x000000b8b1f00000,0x000000b8b2000000] [id=12816]
  0x0000025a4174eca0 ConcurrentGCThread "G1 Service" [stack: 0x000000b8b2000000,0x000000b8b2100000] [id=22860]

Threads with active compile tasks:
C2 CompilerThread0    74945 2891       4       java.util.zip.ZipFile$Source::initCEN (591 bytes)

VM state: not at safepoint (normal execution)

VM Mutex/Monitor currently owned by a thread: None

Heap address: 0x0000000080000000, size: 2048 MB, Compressed Oops mode: 32-bit

CDS archive(s) not mapped
Compressed class space mapped at: 0x0000000100000000-0x0000000140000000, reserved size: 1073741824
Narrow klass base: 0x0000000000000000, Narrow klass shift: 3, Narrow klass range: 0x140000000

GC Precious Log:
 CPUs: 4 total, 4 available
 Memory: 6063M
 Large Page Support: Disabled
 NUMA Support: Disabled
 Compressed Oops: Enabled (32-bit)
 Heap Region Size: 1M
 Heap Min Capacity: 8M
 Heap Initial Capacity: 96M
 Heap Max Capacity: 2G
 Pre-touch: Disabled
 Parallel Workers: 4
 Concurrent Workers: 1
 Concurrent Refinement Workers: 4
 Periodic GC: Disabled

Heap:
 garbage-first heap   total 83968K, used 49496K [0x0000000080000000, 0x0000000100000000)
  region size 1024K, 5 young (5120K), 1 survivors (1024K)
 Metaspace       used 29781K, committed 30208K, reserved 1081344K
  class space    used 4026K, committed 4224K, reserved 1048576K

Heap Regions: E=young(eden), S=young(survivor), O=old, HS=humongous(starts), HC=humongous(continues), CS=collection set, F=free, OA=open archive, CA=closed archive, TAMS=top-at-mark-start (previous, next)
|   0|0x0000000080000000, 0x0000000080100000, 0x0000000080100000|100%| O|  |TAMS 0x0000000080100000, 0x0000000080000000| Untracked 
|   1|0x0000000080100000, 0x0000000080200000, 0x0000000080200000|100%| O|  |TAMS 0x0000000080200000, 0x0000000080100000| Untracked 
|   2|0x0000000080200000, 0x0000000080300000, 0x0000000080300000|100%|HS|  |TAMS 0x0000000080300000, 0x0000000080200000| Complete 
|   3|0x0000000080300000, 0x0000000080400000, 0x0000000080400000|100%|HC|  |TAMS 0x0000000080400000, 0x0000000080300000| Complete 
|   4|0x0000000080400000, 0x0000000080500000, 0x0000000080500000|100%|HC|  |TAMS 0x0000000080500000, 0x0000000080400000| Complete 
|   5|0x0000000080500000, 0x0000000080600000, 0x0000000080600000|100%|HC|  |TAMS 0x0000000080600000, 0x0000000080500000| Complete 
|   6|0x0000000080600000, 0x0000000080700000, 0x0000000080700000|100%| O|  |TAMS 0x0000000080700000, 0x0000000080600000| Untracked 
|   7|0x0000000080700000, 0x0000000080800000, 0x0000000080800000|100%| O|  |TAMS 0x0000000080800000, 0x0000000080700000| Untracked 
|   8|0x0000000080800000, 0x0000000080900000, 0x0000000080900000|100%| O|  |TAMS 0x0000000080900000, 0x0000000080800000| Untracked 
|   9|0x0000000080900000, 0x0000000080a00000, 0x0000000080a00000|100%| O|  |TAMS 0x0000000080a00000, 0x0000000080900000| Untracked 
|  10|0x0000000080a00000, 0x0000000080b00000, 0x0000000080b00000|100%| O|  |TAMS 0x0000000080b00000, 0x0000000080a00000| Untracked 
|  11|0x0000000080b00000, 0x0000000080b89400, 0x0000000080c00000| 53%| O|  |TAMS 0x0000000080b89400, 0x0000000080b00000| Untracked 
|  12|0x0000000080c00000, 0x0000000080d00000, 0x0000000080d00000|100%| O|  |TAMS 0x0000000080d00000, 0x0000000080c00000| Untracked 
|  13|0x0000000080d00000, 0x0000000080e00000, 0x0000000080e00000|100%| O|  |TAMS 0x0000000080e00000, 0x0000000080d00000| Untracked 
|  14|0x0000000080e00000, 0x0000000080f00000, 0x0000000080f00000|100%| O|  |TAMS 0x0000000080f00000, 0x0000000080e00000| Untracked 
|  15|0x0000000080f00000, 0x0000000081000000, 0x0000000081000000|100%| O|  |TAMS 0x0000000081000000, 0x0000000080f00000| Untracked 
|  16|0x0000000081000000, 0x0000000081100000, 0x0000000081100000|100%| O|  |TAMS 0x0000000081100000, 0x0000000081000000| Untracked 
|  17|0x0000000081100000, 0x0000000081200000, 0x0000000081200000|100%| O|  |TAMS 0x0000000081200000, 0x0000000081100000| Untracked 
|  18|0x0000000081200000, 0x0000000081300000, 0x0000000081300000|100%| O|  |TAMS 0x0000000081300000, 0x0000000081200000| Untracked 
|  19|0x0000000081300000, 0x0000000081400000, 0x0000000081400000|100%|HS|  |TAMS 0x0000000081400000, 0x0000000081300000| Complete 
|  20|0x0000000081400000, 0x0000000081500000, 0x0000000081500000|100%|HC|  |TAMS 0x0000000081500000, 0x0000000081400000| Complete 
|  21|0x0000000081500000, 0x0000000081600000, 0x0000000081600000|100%|HS|  |TAMS 0x0000000081600000, 0x0000000081500000| Complete 
|  22|0x0000000081600000, 0x0000000081700000, 0x0000000081700000|100%|HC|  |TAMS 0x0000000081700000, 0x0000000081600000| Complete 
|  23|0x0000000081700000, 0x0000000081800000, 0x0000000081800000|100%|HC|  |TAMS 0x0000000081800000, 0x0000000081700000| Complete 
|  24|0x0000000081800000, 0x0000000081900000, 0x0000000081900000|100%| O|  |TAMS 0x0000000081800000, 0x0000000081800000| Untracked 
|  25|0x0000000081900000, 0x0000000081a00000, 0x0000000081a00000|100%| O|  |TAMS 0x0000000081900000, 0x0000000081900000| Untracked 
|  26|0x0000000081a00000, 0x0000000081b00000, 0x0000000081b00000|100%| O|  |TAMS 0x0000000081a00000, 0x0000000081a00000| Untracked 
|  27|0x0000000081b00000, 0x0000000081c00000, 0x0000000081c00000|100%|HS|  |TAMS 0x0000000081c00000, 0x0000000081b00000| Complete 
|  28|0x0000000081c00000, 0x0000000081d00000, 0x0000000081d00000|100%|HC|  |TAMS 0x0000000081d00000, 0x0000000081c00000| Complete 
|  29|0x0000000081d00000, 0x0000000081e00000, 0x0000000081e00000|100%|HC|  |TAMS 0x0000000081e00000, 0x0000000081d00000| Complete 
|  30|0x0000000081e00000, 0x0000000081f00000, 0x0000000081f00000|100%| O|  |TAMS 0x0000000081f00000, 0x0000000081e00000| Untracked 
|  31|0x0000000081f00000, 0x0000000082000000, 0x0000000082000000|100%| O|  |TAMS 0x0000000081f51e00, 0x0000000081f00000| Untracked 
|  32|0x0000000082000000, 0x00000000820b4000, 0x0000000082100000| 70%| O|  |TAMS 0x0000000082000000, 0x0000000082000000| Untracked 
|  33|0x0000000082100000, 0x0000000082200000, 0x0000000082200000|100%|HS|  |TAMS 0x0000000082100000, 0x0000000082100000| Complete 
|  34|0x0000000082200000, 0x0000000082300000, 0x0000000082300000|100%|HC|  |TAMS 0x0000000082200000, 0x0000000082200000| Complete 
|  35|0x0000000082300000, 0x0000000082300000, 0x0000000082400000|  0%| F|  |TAMS 0x0000000082300000, 0x0000000082300000| Untracked 
|  36|0x0000000082400000, 0x0000000082400000, 0x0000000082500000|  0%| F|  |TAMS 0x0000000082400000, 0x0000000082400000| Untracked 
|  37|0x0000000082500000, 0x0000000082500000, 0x0000000082600000|  0%| F|  |TAMS 0x0000000082500000, 0x0000000082500000| Untracked 
|  38|0x0000000082600000, 0x0000000082600000, 0x0000000082700000|  0%| F|  |TAMS 0x0000000082600000, 0x0000000082600000| Untracked 
|  39|0x0000000082700000, 0x0000000082700000, 0x0000000082800000|  0%| F|  |TAMS 0x0000000082700000, 0x0000000082700000| Untracked 
|  40|0x0000000082800000, 0x0000000082800000, 0x0000000082900000|  0%| F|  |TAMS 0x0000000082800000, 0x0000000082800000| Untracked 
|  41|0x0000000082900000, 0x0000000082900000, 0x0000000082a00000|  0%| F|  |TAMS 0x0000000082900000, 0x0000000082900000| Untracked 
|  42|0x0000000082a00000, 0x0000000082a00000, 0x0000000082b00000|  0%| F|  |TAMS 0x0000000082a00000, 0x0000000082a00000| Untracked 
|  43|0x0000000082b00000, 0x0000000082b00000, 0x0000000082c00000|  0%| F|  |TAMS 0x0000000082b00000, 0x0000000082b00000| Untracked 
|  44|0x0000000082c00000, 0x0000000082c00000, 0x0000000082d00000|  0%| F|  |TAMS 0x0000000082c00000, 0x0000000082c00000| Untracked 
|  45|0x0000000082d00000, 0x0000000082e00000, 0x0000000082e00000|100%|HS|  |TAMS 0x0000000082e00000, 0x0000000082d00000| Complete 
|  46|0x0000000082e00000, 0x0000000082f00000, 0x0000000082f00000|100%|HC|  |TAMS 0x0000000082f00000, 0x0000000082e00000| Complete 
|  47|0x0000000082f00000, 0x0000000083000000, 0x0000000083000000|100%|HC|  |TAMS 0x0000000083000000, 0x0000000082f00000| Complete 
|  48|0x0000000083000000, 0x0000000083100000, 0x0000000083100000|100%|HC|  |TAMS 0x0000000083100000, 0x0000000083000000| Complete 
|  49|0x0000000083100000, 0x0000000083200000, 0x0000000083200000|100%|HC|  |TAMS 0x0000000083200000, 0x0000000083100000| Complete 
|  50|0x0000000083200000, 0x0000000083300000, 0x0000000083300000|100%|HC|  |TAMS 0x0000000083300000, 0x0000000083200000| Complete 
|  51|0x0000000083300000, 0x0000000083400000, 0x0000000083400000|100%|HC|  |TAMS 0x0000000083400000, 0x0000000083300000| Complete 
|  52|0x0000000083400000, 0x0000000083500000, 0x0000000083500000|100%|HC|  |TAMS 0x0000000083500000, 0x0000000083400000| Complete 
|  53|0x0000000083500000, 0x0000000083600000, 0x0000000083600000|100%|HC|  |TAMS 0x0000000083600000, 0x0000000083500000| Complete 
|  54|0x0000000083600000, 0x0000000083700000, 0x0000000083700000|100%|HC|  |TAMS 0x0000000083700000, 0x0000000083600000| Complete 
|  55|0x0000000083700000, 0x0000000083800000, 0x0000000083800000|100%|HC|  |TAMS 0x0000000083800000, 0x0000000083700000| Complete 
|  56|0x0000000083800000, 0x0000000083900000, 0x0000000083900000|100%|HC|  |TAMS 0x0000000083900000, 0x0000000083800000| Complete 
|  57|0x0000000083900000, 0x0000000083900000, 0x0000000083a00000|  0%| F|  |TAMS 0x0000000083900000, 0x0000000083900000| Untracked 
|  58|0x0000000083a00000, 0x0000000083a00000, 0x0000000083b00000|  0%| F|  |TAMS 0x0000000083a00000, 0x0000000083a00000| Untracked 
|  59|0x0000000083b00000, 0x0000000083b00000, 0x0000000083c00000|  0%| F|  |TAMS 0x0000000083b00000, 0x0000000083b00000| Untracked 
|  60|0x0000000083c00000, 0x0000000083c00000, 0x0000000083d00000|  0%| F|  |TAMS 0x0000000083c00000, 0x0000000083c00000| Untracked 
|  61|0x0000000083d00000, 0x0000000083d00000, 0x0000000083e00000|  0%| F|  |TAMS 0x0000000083d00000, 0x0000000083d00000| Untracked 
|  62|0x0000000083e00000, 0x0000000083e00000, 0x0000000083f00000|  0%| F|  |TAMS 0x0000000083e00000, 0x0000000083e00000| Untracked 
|  63|0x0000000083f00000, 0x0000000083f00000, 0x0000000084000000|  0%| F|  |TAMS 0x0000000083f00000, 0x0000000083f00000| Untracked 
|  64|0x0000000084000000, 0x0000000084000000, 0x0000000084100000|  0%| F|  |TAMS 0x0000000084000000, 0x0000000084000000| Untracked 
|  65|0x0000000084100000, 0x0000000084118e30, 0x0000000084200000|  9%| S|CS|TAMS 0x0000000084100000, 0x0000000084100000| Complete 
|  66|0x0000000084200000, 0x0000000084200000, 0x0000000084300000|  0%| F|  |TAMS 0x0000000084200000, 0x0000000084200000| Untracked 
|  67|0x0000000084300000, 0x0000000084300000, 0x0000000084400000|  0%| F|  |TAMS 0x0000000084300000, 0x0000000084300000| Untracked 
|  68|0x0000000084400000, 0x0000000084400000, 0x0000000084500000|  0%| F|  |TAMS 0x0000000084400000, 0x0000000084400000| Untracked 
|  69|0x0000000084500000, 0x0000000084500000, 0x0000000084600000|  0%| F|  |TAMS 0x0000000084500000, 0x0000000084500000| Untracked 
|  70|0x0000000084600000, 0x0000000084600000, 0x0000000084700000|  0%| F|  |TAMS 0x0000000084600000, 0x0000000084600000| Untracked 
|  71|0x0000000084700000, 0x0000000084700000, 0x0000000084800000|  0%| F|  |TAMS 0x0000000084700000, 0x0000000084700000| Untracked 
|  72|0x0000000084800000, 0x0000000084800000, 0x0000000084900000|  0%| F|  |TAMS 0x0000000084800000, 0x0000000084800000| Untracked 
|  73|0x0000000084900000, 0x0000000084900000, 0x0000000084a00000|  0%| F|  |TAMS 0x0000000084900000, 0x0000000084900000| Untracked 
|  74|0x0000000084a00000, 0x0000000084a00000, 0x0000000084b00000|  0%| F|  |TAMS 0x0000000084a00000, 0x0000000084a00000| Untracked 
|  75|0x0000000084b00000, 0x0000000084b00000, 0x0000000084c00000|  0%| F|  |TAMS 0x0000000084b00000, 0x0000000084b00000| Untracked 
|  76|0x0000000084c00000, 0x0000000084c00000, 0x0000000084d00000|  0%| F|  |TAMS 0x0000000084c00000, 0x0000000084c00000| Untracked 
|  77|0x0000000084d00000, 0x0000000084d00000, 0x0000000084e00000|  0%| F|  |TAMS 0x0000000084d00000, 0x0000000084d00000| Untracked 
|  78|0x0000000084e00000, 0x0000000084e47650, 0x0000000084f00000| 27%| E|  |TAMS 0x0000000084e00000, 0x0000000084e00000| Complete 
|  79|0x0000000084f00000, 0x0000000085000000, 0x0000000085000000|100%| E|CS|TAMS 0x0000000084f00000, 0x0000000084f00000| Complete 
|  80|0x0000000085000000, 0x0000000085100000, 0x0000000085100000|100%| E|  |TAMS 0x0000000085000000, 0x0000000085000000| Complete 
|  95|0x0000000085f00000, 0x0000000086000000, 0x0000000086000000|100%| E|CS|TAMS 0x0000000085f00000, 0x0000000085f00000| Complete 

Card table byte_map: [0x0000025a53f50000,0x0000025a54350000] _byte_map_base: 0x0000025a53b50000

Marking Bits (Prev, Next): (CMBitMap*) 0x0000025a416ed4a0, (CMBitMap*) 0x0000025a416ed4e0
 Prev Bits: [0x0000025a54750000, 0x0000025a56750000)
 Next Bits: [0x0000025a56750000, 0x0000025a58750000)

Polling page: 0x0000025a3f830000

Metaspace:

Usage:
  Non-class:     25.15 MB used.
      Class:      3.93 MB used.
       Both:     29.08 MB used.

Virtual space:
  Non-class space:       32.00 MB reserved,      25.38 MB ( 79%) committed,  4 nodes.
      Class space:        1.00 GB reserved,       4.12 MB ( <1%) committed,  1 nodes.
             Both:        1.03 GB reserved,      29.50 MB (  3%) committed. 

Chunk freelists:
   Non-Class:  2.60 MB
       Class:  3.80 MB
        Both:  6.40 MB

MaxMetaspaceSize: unlimited
CompressedClassSpaceSize: 1.00 GB
Initial GC threshold: 21.00 MB
Current GC threshold: 48.75 MB
CDS: off
MetaspaceReclaimPolicy: balanced
 - commit_granule_bytes: 65536.
 - commit_granule_words: 8192.
 - virtual_space_node_default_size: 1048576.
 - enlarge_chunks_in_place: 1.
 - new_chunks_are_fully_committed: 0.
 - uncommit_free_chunks: 1.
 - use_allocation_guard: 0.
 - handle_deallocations: 1.


Internal statistics:

num_allocs_failed_limit: 3.
num_arena_births: 322.
num_arena_deaths: 0.
num_vsnodes_births: 5.
num_vsnodes_deaths: 0.
num_space_committed: 472.
num_space_uncommitted: 0.
num_chunks_returned_to_freelist: 3.
num_chunks_taken_from_freelist: 1124.
num_chunk_merges: 3.
num_chunk_splits: 712.
num_chunks_enlarged: 485.
num_purges: 0.
num_inconsistent_stats: 0.

CodeHeap 'non-profiled nmethods': size=120000Kb used=1585Kb max_used=1585Kb free=118414Kb
 bounds [0x0000025a4c620000, 0x0000025a4c890000, 0x0000025a53b50000]
CodeHeap 'profiled nmethods': size=120000Kb used=6041Kb max_used=6041Kb free=113958Kb
 bounds [0x0000025a44b50000, 0x0000025a45140000, 0x0000025a4c080000]
CodeHeap 'non-nmethods': size=5760Kb used=1225Kb max_used=1267Kb free=4534Kb
 bounds [0x0000025a4c080000, 0x0000025a4c2f0000, 0x0000025a4c620000]
 total_blobs=3446 nmethods=2911 adapters=447
 compilation: enabled
              stopped_count=0, restarted_count=0
 full_count=0

Compilation events (20 events):
Event: 73.705 Thread 0x0000025a5b819700 nmethod 2887 0x0000025a45128790 code [0x0000025a45128980, 0x0000025a45128f28]
Event: 73.705 Thread 0x0000025a5b819700 2888   !   3       sun.nio.fs.WindowsFileAttributeViews$Basic::readAttributes (30 bytes)
Event: 73.705 Thread 0x0000025a5b819700 nmethod 2888 0x0000025a45129110 code [0x0000025a45129300, 0x0000025a45129848]
Event: 73.721 Thread 0x0000025a5b819700 2889       3       java.util.zip.ZipFile$Source$Key::<init> (23 bytes)
Event: 73.721 Thread 0x0000025a5b819700 nmethod 2889 0x0000025a45129a10 code [0x0000025a45129bc0, 0x0000025a45129ea8]
Event: 73.789 Thread 0x0000025a5b8134c0 2890 %     4       java.lang.StringLatin1::compareToCI @ 16 (108 bytes)
Event: 73.802 Thread 0x0000025a5b8134c0 nmethod 2890% 0x0000025a4c7ab290 code [0x0000025a4c7ab440, 0x0000025a4c7abb78]
Event: 73.817 Thread 0x0000025a5b8134c0 2891       4       java.util.zip.ZipFile$Source::initCEN (591 bytes)
Event: 73.862 Thread 0x0000025a5b819700 2892       3       javax.management.ObjectName::setCanonicalName (251 bytes)
Event: 73.864 Thread 0x0000025a5b819700 nmethod 2892 0x0000025a45129f90 code [0x0000025a4512a220, 0x0000025a4512b1c8]
Event: 73.864 Thread 0x0000025a5b819700 2894       3       sun.management.spi.PlatformMBeanProvider$PlatformComponent$$Lambda$62/0x000000010016f8f8::test (9 bytes)
Event: 73.864 Thread 0x0000025a5b819700 nmethod 2894 0x0000025a4512b790 code [0x0000025a4512b920, 0x0000025a4512ba58]
Event: 73.864 Thread 0x0000025a5b819700 2895       3       sun.management.spi.PlatformMBeanProvider$PlatformComponent$$Lambda$63/0x000000010016fb70::apply (9 bytes)
Event: 73.865 Thread 0x0000025a5b819700 nmethod 2895 0x0000025a4512bb10 code [0x0000025a4512bce0, 0x0000025a4512bff8]
Event: 73.865 Thread 0x0000025a5b819700 2893       3       javax.management.ObjectName::isPropertyListPattern (17 bytes)
Event: 73.865 Thread 0x0000025a5b819700 nmethod 2893 0x0000025a4512c110 code [0x0000025a4512c2a0, 0x0000025a4512c418]
Event: 73.884 Thread 0x0000025a5b819700 2896   !   3       java.util.zip.ZipFile$Source::get (190 bytes)
Event: 73.886 Thread 0x0000025a5b819700 nmethod 2896 0x0000025a4512c490 code [0x0000025a4512c7a0, 0x0000025a4512db48]
Event: 73.972 Thread 0x0000025a5b819700 2897       3       sun.nio.fs.WindowsFileAttributes::fromFileAttributeData (104 bytes)
Event: 73.973 Thread 0x0000025a5b819700 nmethod 2897 0x0000025a4512e410 code [0x0000025a4512e5e0, 0x0000025a4512eaa8]

GC Heap History (14 events):
Event: 6.418 GC heap before
{Heap before GC invocations=0 (full 0):
 garbage-first heap   total 98304K, used 13312K [0x0000000080000000, 0x0000000100000000)
  region size 1024K, 13 young (13312K), 0 survivors (0K)
 Metaspace       used 7085K, committed 7296K, reserved 1056768K
  class space    used 608K, committed 704K, reserved 1048576K
}
Event: 6.439 GC heap after
{Heap after GC invocations=1 (full 0):
 garbage-first heap   total 98304K, used 3696K [0x0000000080000000, 0x0000000100000000)
  region size 1024K, 2 young (2048K), 2 survivors (2048K)
 Metaspace       used 7085K, committed 7296K, reserved 1056768K
  class space    used 608K, committed 704K, reserved 1048576K
}
Event: 16.572 GC heap before
{Heap before GC invocations=1 (full 0):
 garbage-first heap   total 98304K, used 22128K [0x0000000080000000, 0x0000000100000000)
  region size 1024K, 17 young (17408K), 2 survivors (2048K)
 Metaspace       used 11115K, committed 11264K, reserved 1064960K
  class space    used 1163K, committed 1280K, reserved 1048576K
}
Event: 16.585 GC heap after
{Heap after GC invocations=2 (full 0):
 garbage-first heap   total 98304K, used 10480K [0x0000000080000000, 0x0000000100000000)
  region size 1024K, 3 young (3072K), 3 survivors (3072K)
 Metaspace       used 11115K, committed 11264K, reserved 1064960K
  class space    used 1163K, committed 1280K, reserved 1048576K
}
Event: 19.863 GC heap before
{Heap before GC invocations=2 (full 0):
 garbage-first heap   total 98304K, used 30960K [0x0000000080000000, 0x0000000100000000)
  region size 1024K, 23 young (23552K), 3 survivors (3072K)
 Metaspace       used 11199K, committed 11456K, reserved 1064960K
  class space    used 1163K, committed 1280K, reserved 1048576K
}
Event: 19.872 GC heap after
{Heap after GC invocations=3 (full 0):
 garbage-first heap   total 98304K, used 12800K [0x0000000080000000, 0x0000000100000000)
  region size 1024K, 2 young (2048K), 2 survivors (2048K)
 Metaspace       used 11199K, committed 11456K, reserved 1064960K
  class space    used 1163K, committed 1280K, reserved 1048576K
}
Event: 56.858 GC heap before
{Heap before GC invocations=3 (full 0):
 garbage-first heap   total 98304K, used 50688K [0x0000000080000000, 0x0000000100000000)
  region size 1024K, 40 young (40960K), 2 survivors (2048K)
 Metaspace       used 21236K, committed 21504K, reserved 1073152K
  class space    used 2548K, committed 2688K, reserved 1048576K
}
Event: 56.917 GC heap after
{Heap after GC invocations=4 (full 0):
 garbage-first heap   total 98304K, used 18804K [0x0000000080000000, 0x0000000100000000)
  region size 1024K, 8 young (8192K), 8 survivors (8192K)
 Metaspace       used 21236K, committed 21504K, reserved 1073152K
  class space    used 2548K, committed 2688K, reserved 1048576K
}
Event: 65.756 GC heap before
{Heap before GC invocations=5 (full 0):
 garbage-first heap   total 68608K, used 51572K [0x0000000080000000, 0x0000000100000000)
  region size 1024K, 40 young (40960K), 8 survivors (8192K)
 Metaspace       used 26460K, committed 26752K, reserved 1073152K
  class space    used 3454K, committed 3584K, reserved 1048576K
}
Event: 65.781 GC heap after
{Heap after GC invocations=6 (full 0):
 garbage-first heap   total 68608K, used 20695K [0x0000000080000000, 0x0000000100000000)
  region size 1024K, 3 young (3072K), 3 survivors (3072K)
 Metaspace       used 26460K, committed 26752K, reserved 1073152K
  class space    used 3454K, committed 3584K, reserved 1048576K
}
Event: 71.218 GC heap before
{Heap before GC invocations=6 (full 0):
 garbage-first heap   total 68608K, used 49367K [0x0000000080000000, 0x0000000100000000)
  region size 1024K, 25 young (25600K), 3 survivors (3072K)
 Metaspace       used 29595K, committed 29952K, reserved 1081344K
  class space    used 3999K, committed 4160K, reserved 1048576K
}
Event: 71.226 GC heap after
{Heap after GC invocations=7 (full 0):
 garbage-first heap   total 68608K, used 32620K [0x0000000080000000, 0x0000000100000000)
  region size 1024K, 4 young (4096K), 4 survivors (4096K)
 Metaspace       used 29595K, committed 29952K, reserved 1081344K
  class space    used 3999K, committed 4160K, reserved 1048576K
}
Event: 71.651 GC heap before
{Heap before GC invocations=7 (full 0):
 garbage-first heap   total 68608K, used 44908K [0x0000000080000000, 0x0000000100000000)
  region size 1024K, 5 young (5120K), 4 survivors (4096K)
 Metaspace       used 29597K, committed 29952K, reserved 1081344K
  class space    used 3999K, committed 4160K, reserved 1048576K
}
Event: 71.656 GC heap after
{Heap after GC invocations=8 (full 0):
 garbage-first heap   total 68608K, used 45400K [0x0000000080000000, 0x0000000100000000)
  region size 1024K, 1 young (1024K), 1 survivors (1024K)
 Metaspace       used 29597K, committed 29952K, reserved 1081344K
  class space    used 3999K, committed 4160K, reserved 1048576K
}

Dll operation events (2 events):
Event: 0.173 Loaded shared library D:\Android\jbr\bin\java.dll
Event: 6.190 Loaded shared library D:\Android\jbr\bin\verify.dll

Deoptimization events (20 events):
Event: 70.527 Thread 0x0000025a5c835080 Uncommon trap: trap_request=0xffffffc6 fr.pc=0x0000025a4c73db6c relative=0x0000000000004b2c
Event: 70.527 Thread 0x0000025a5c835080 Uncommon trap: reason=bimorphic_or_optimized_type_check action=maybe_recompile pc=0x0000025a4c73db6c method=java.lang.ClassLoader.loadClass(Ljava/lang/String;Z)Ljava/lang/Class; @ 38 c2
Event: 70.527 Thread 0x0000025a5c835080 DEOPT PACKING pc=0x0000025a4c73db6c sp=0x000000b8b36fa530
Event: 70.527 Thread 0x0000025a5c835080 DEOPT UNPACKING pc=0x0000025a4c0d69a3 sp=0x000000b8b36fa550 mode 2
Event: 70.528 Thread 0x0000025a5c835080 Uncommon trap: trap_request=0xffffffc6 fr.pc=0x0000025a4c73db6c relative=0x0000000000004b2c
Event: 70.528 Thread 0x0000025a5c835080 Uncommon trap: reason=bimorphic_or_optimized_type_check action=maybe_recompile pc=0x0000025a4c73db6c method=java.lang.ClassLoader.loadClass(Ljava/lang/String;Z)Ljava/lang/Class; @ 38 c2
Event: 70.528 Thread 0x0000025a5c835080 DEOPT PACKING pc=0x0000025a4c73db6c sp=0x000000b8b36fb670
Event: 70.528 Thread 0x0000025a5c835080 DEOPT UNPACKING pc=0x0000025a4c0d69a3 sp=0x000000b8b36fb690 mode 2
Event: 70.547 Thread 0x0000025a5c835080 Uncommon trap: trap_request=0xffffff45 fr.pc=0x0000025a4c756f34 relative=0x0000000000005fd4
Event: 70.547 Thread 0x0000025a5c835080 Uncommon trap: reason=unstable_if action=reinterpret pc=0x0000025a4c756f34 method=java.net.URLClassLoader.getAndVerifyPackage(Ljava/lang/String;Ljava/util/jar/Manifest;Ljava/net/URL;)Ljava/lang/Package; @ 62 c2
Event: 70.547 Thread 0x0000025a5c835080 DEOPT PACKING pc=0x0000025a4c756f34 sp=0x000000b8b36fb950
Event: 70.547 Thread 0x0000025a5c835080 DEOPT UNPACKING pc=0x0000025a4c0d69a3 sp=0x000000b8b36fb6d8 mode 2
Event: 71.030 Thread 0x0000025a5c835080 DEOPT PACKING pc=0x0000025a44c10d3d sp=0x000000b8b36f9ad0
Event: 71.031 Thread 0x0000025a5c835080 DEOPT UNPACKING pc=0x0000025a4c0d7143 sp=0x000000b8b36f8f58 mode 0
Event: 71.657 Thread 0x0000025a5c835080 DEOPT PACKING pc=0x0000025a44c10d3d sp=0x000000b8b36f8a90
Event: 71.657 Thread 0x0000025a5c835080 DEOPT UNPACKING pc=0x0000025a4c0d7143 sp=0x000000b8b36f7f18 mode 0
Event: 72.701 Thread 0x0000025a5c835080 DEOPT PACKING pc=0x0000025a44e70882 sp=0x000000b8b36fa960
Event: 72.751 Thread 0x0000025a5c835080 DEOPT UNPACKING pc=0x0000025a4c0d7143 sp=0x000000b8b36f9dd8 mode 0
Event: 73.819 Thread 0x0000025a5c835080 DEOPT PACKING pc=0x0000025a450f7e69 sp=0x000000b8b36f85c0
Event: 73.819 Thread 0x0000025a5c835080 DEOPT UNPACKING pc=0x0000025a4c0d7143 sp=0x000000b8b36f7b50 mode 0

Classes unloaded (0 events):
No events

Classes redefined (0 events):
No events

Internal exceptions (20 events):
Event: 70.536 Thread 0x0000025a5c835080 Exception <a 'java/lang/NoSuchMethodError'{0x0000000083024868}: static Lorg/gradle/tooling/internal/consumer/connection/InternalPhasedActionAdapter;.<clinit>()V> (0x0000000083024868) 
thrown [s\src\hotspot\share\prims\jni.cpp, line 1108]
Event: 70.582 Thread 0x0000025a5c835080 Exception <a 'java/lang/NoSuchMethodError'{0x000000008304e188}: static Lorg/gradle/tooling/internal/consumer/connection/InternalBuildActionAdapter;.<clinit>()V> (0x000000008304e188) 
thrown [s\src\hotspot\share\prims\jni.cpp, line 1108]
Event: 70.838 Thread 0x0000025a5c835080 Exception <a 'java/lang/NoSuchMethodError'{0x0000000082f186b8}: static Ljava/lang/Object;.<clinit>()V> (0x0000000082f186b8) 
thrown [s\src\hotspot\share\prims\jni.cpp, line 1108]
Event: 70.838 Thread 0x0000025a5c835080 Exception <a 'java/lang/NoSuchMethodError'{0x0000000082f1f678}: static Lorg/jetbrains/plugins/gradle/model/ProjectImportActionWithCustomSerializer;.<clinit>()V> (0x0000000082f1f678) 
thrown [s\src\hotspot\share\prims\jni.cpp, line 1108]
Event: 70.889 Thread 0x0000025a5c835080 Exception <a 'java/lang/NoSuchMethodError'{0x0000000082fb8800}: static Lorg/jetbrains/kotlin/idea/gradleTooling/KotlinDslScriptModelProvider;.<clinit>()V> (0x0000000082fb8800) 
thrown [s\src\hotspot\share\prims\jni.cpp, line 1108]
Event: 71.059 Thread 0x0000025a5c835080 Exception <a 'java/lang/NoSuchMethodError'{0x0000000082e44f98}: static Lorg/jetbrains/plugins/gradle/model/ClassSetProjectImportModelProvider;.<clinit>()V> (0x0000000082e44f98) 
thrown [s\src\hotspot\share\prims\jni.cpp, line 1108]
Event: 71.150 Thread 0x0000025a5c835080 Exception <a 'java/lang/NoSuchMethodError'{0x0000000082e9efc0}: static Ljava/lang/Object;.<clinit>()V> (0x0000000082e9efc0) 
thrown [s\src\hotspot\share\prims\jni.cpp, line 1108]
Event: 71.158 Thread 0x0000025a5c835080 Exception <a 'java/lang/NoSuchMethodError'{0x0000000082eac700}: static Lorg/jetbrains/kotlin/idea/gradleTooling/KotlinGradleModel;.<clinit>()V> (0x0000000082eac700) 
thrown [s\src\hotspot\share\prims\jni.cpp, line 1108]
Event: 71.172 Thread 0x0000025a5c835080 Exception <a 'java/lang/NoSuchMethodError'{0x0000000082ebd718}: static Lorg/jetbrains/plugins/gradle/model/AnnotationProcessingModel;.<clinit>()V> (0x0000000082ebd718) 
thrown [s\src\hotspot\share\prims\jni.cpp, line 1108]
Event: 71.198 Thread 0x0000025a5c835080 Exception <a 'java/lang/NoSuchMethodError'{0x0000000082ecdd80}: static Lorg/jetbrains/plugins/gradle/model/RepositoriesModel;.<clinit>()V> (0x0000000082ecdd80) 
thrown [s\src\hotspot\share\prims\jni.cpp, line 1108]
Event: 71.977 Thread 0x0000025a5c835080 Exception <a 'java/lang/NoSuchMethodError'{0x0000000085f3f448}: static Lorg/jetbrains/kotlin/android/synthetic/idea/AndroidExtensionsGradleModel;.<clinit>()V> (0x0000000085f3f448) 
thrown [s\src\hotspot\share\prims\jni.cpp, line 1108]
Event: 72.023 Thread 0x0000025a5c835080 Exception <a 'java/lang/NoSuchMethodError'{0x0000000085f7aa58}: static Lcom/android/tools/idea/gradle/project/sync/AndroidExtraModelProvider;.<clinit>()V> (0x0000000085f7aa58) 
thrown [s\src\hotspot\share\prims\jni.cpp, line 1108]
Event: 72.667 Thread 0x0000025a5c835080 Exception <a 'java/lang/NoSuchMethodError'{0x0000000085fcdf10}: static Lcom/android/tools/idea/gradle/project/sync/SyncActionOptions;.<clinit>()V> (0x0000000085fcdf10) 
thrown [s\src\hotspot\share\prims\jni.cpp, line 1108]
Event: 72.752 Thread 0x0000025a5c835080 Exception <a 'java/lang/NoSuchMethodError'{0x0000000085fd0848}: static Lcom/android/tools/idea/gradle/project/sync/SyncProjectActionOptions;.<clinit>()V> (0x0000000085fd0848) 
thrown [s\src\hotspot\share\prims\jni.cpp, line 1108]
Event: 72.754 Thread 0x0000025a5c835080 Exception <a 'java/lang/NoSuchMethodError'{0x0000000085fd3838}: static Lcom/android/tools/idea/gradle/project/sync/SingleVariantSyncActionOptions;.<clinit>()V> (0x0000000085fd3838) 
thrown [s\src\hotspot\share\prims\jni.cpp, line 1108]
Event: 72.840 Thread 0x0000025a5c835080 Exception <a 'java/lang/NoSuchMethodError'{0x0000000085fe5670}: static Lcom/android/tools/idea/gradle/project/sync/GradleSyncStudioFlags;.<clinit>()V> (0x0000000085fe5670) 
thrown [s\src\hotspot\share\prims\jni.cpp, line 1108]
Event: 72.954 Thread 0x0000025a5c835080 Exception <a 'java/lang/NoSuchMethodError'{0x0000000085ff7068}: static Lcom/android/tools/idea/gradle/project/sync/AdditionalClassifierArtifactsActionOptions;.<clinit>()V> (0x0000000085ff7068) 
thrown [s\src\hotspot\share\prims\jni.cpp, line 1108]
Event: 73.138 Thread 0x0000025a5c835080 Exception <a 'java/lang/NoSuchMethodError'{0x000000008500d5f8}: static Lcom/android/tools/idea/gradle/project/sync/SelectedVariants;.<clinit>()V> (0x000000008500d5f8) 
thrown [s\src\hotspot\share\prims\jni.cpp, line 1108]
Event: 73.386 Thread 0x0000025a5c835080 Exception <a 'java/lang/NoSuchMethodError'{0x000000008503a6c0}: static Lcom/android/tools/idea/gradle/project/sync/SelectedVariant;.<clinit>()V> (0x000000008503a6c0) 
thrown [s\src\hotspot\share\prims\jni.cpp, line 1108]
Event: 73.551 Thread 0x0000025a5c835080 Exception <a 'java/lang/NoSuchMethodError'{0x000000008504fff8}: static Lcom/android/tools/idea/gradle/project/sync/VariantDetails;.<clinit>()V> (0x000000008504fff8) 
thrown [s\src\hotspot\share\prims\jni.cpp, line 1108]

VM Operations (20 events):
Event: 67.799 Executing VM operation: Cleanup
Event: 67.819 Executing VM operation: Cleanup done
Event: 68.825 Executing VM operation: Cleanup
Event: 68.826 Executing VM operation: Cleanup done
Event: 69.798 Executing VM operation: HandshakeAllThreads
Event: 69.798 Executing VM operation: HandshakeAllThreads done
Event: 70.806 Executing VM operation: Cleanup
Event: 70.806 Executing VM operation: Cleanup done
Event: 71.218 Executing VM operation: G1TryInitiateConcMark
Event: 71.227 Executing VM operation: G1TryInitiateConcMark done
Event: 71.651 Executing VM operation: G1TryInitiateConcMark
Event: 71.657 Executing VM operation: G1TryInitiateConcMark done
Event: 71.701 Executing VM operation: G1Concurrent
Event: 71.732 Executing VM operation: G1Concurrent done
Event: 71.747 Executing VM operation: G1Concurrent
Event: 71.774 Executing VM operation: G1Concurrent done
Event: 72.784 Executing VM operation: Cleanup
Event: 72.800 Executing VM operation: Cleanup done
Event: 73.815 Executing VM operation: Cleanup
Event: 73.815 Executing VM operation: Cleanup done

Events (20 events):
Event: 67.203 loading class java/util/concurrent/locks/AbstractQueuedSynchronizer$SharedNode
Event: 67.203 loading class java/util/concurrent/locks/AbstractQueuedSynchronizer$SharedNode done
Event: 67.257 loading class java/io/InterruptedIOException
Event: 67.260 loading class java/io/InterruptedIOException done
Event: 67.267 Thread 0x0000025a5c838a40 Thread added: 0x0000025a5c838a40
Event: 67.322 loading class java/util/ArrayDeque$DeqSpliterator
Event: 67.323 loading class java/util/ArrayDeque$DeqSpliterator done
Event: 67.899 loading class java/nio/charset/CharacterCodingException
Event: 67.902 loading class java/nio/charset/CharacterCodingException done
Event: 67.933 loading class java/lang/Short$ShortCache
Event: 67.950 loading class java/lang/Short$ShortCache done
Event: 70.324 Thread 0x0000025a5c835a20 Thread added: 0x0000025a5c835a20
Event: 70.325 Thread 0x0000025a5c8363c0 Thread added: 0x0000025a5c8363c0
Event: 70.325 Thread 0x0000025a5e12a0a0 Thread added: 0x0000025a5e12a0a0
Event: 70.325 Thread 0x0000025a5e128890 Thread added: 0x0000025a5e128890
Event: 70.331 loading class sun/nio/fs/WindowsPath$1
Event: 70.343 loading class sun/nio/fs/WindowsPath$1 done
Event: 70.819 Thread 0x0000025a5e128d60 Thread added: 0x0000025a5e128d60
Event: 70.893 loading class java/io/ObjectStreamClass$ExceptionInfo
Event: 70.897 loading class java/io/ObjectStreamClass$ExceptionInfo done


Dynamic libraries:
0x00007ff6bbba0000 - 0x00007ff6bbbaa000 	D:\Android\jbr\bin\java.exe
0x00007ff8e7d00000 - 0x00007ff8e7f67000 	C:\WINDOWS\SYSTEM32\ntdll.dll
0x00007ff8e5a90000 - 0x00007ff8e5b59000 	C:\WINDOWS\System32\KERNEL32.DLL
0x00007ff8e45d0000 - 0x00007ff8e49c4000 	C:\WINDOWS\System32\KERNELBASE.dll
0x00007ff8e4a80000 - 0x00007ff8e4bcb000 	C:\WINDOWS\System32\ucrtbase.dll
0x00007ff8afd80000 - 0x00007ff8afd9b000 	D:\Android\jbr\bin\VCRUNTIME140.dll
0x00007ff865520000 - 0x00007ff865537000 	D:\Android\jbr\bin\jli.dll
0x00007ff8e6070000 - 0x00007ff8e6235000 	C:\WINDOWS\System32\USER32.dll
0x00007ff8e4d00000 - 0x00007ff8e4d27000 	C:\WINDOWS\System32\win32u.dll
0x00007ff8e6620000 - 0x00007ff8e664b000 	C:\WINDOWS\System32\GDI32.dll
0x00007ff8e4bd0000 - 0x00007ff8e4cfb000 	C:\WINDOWS\System32\gdi32full.dll
0x00007ff8e49d0000 - 0x00007ff8e4a73000 	C:\WINDOWS\System32\msvcp_win.dll
0x00007ff8d0260000 - 0x00007ff8d04f3000 	C:\WINDOWS\WinSxS\amd64_microsoft.windows.common-controls_6595b64144ccf1df_6.0.26100.8115_none_3e075c82e3354f9c\COMCTL32.dll
0x00007ff8e72d0000 - 0x00007ff8e7379000 	C:\WINDOWS\System32\msvcrt.dll
0x00007ff8e6a00000 - 0x00007ff8e6a32000 	C:\WINDOWS\System32\IMM32.DLL
0x00007ff88cd90000 - 0x00007ff88cd9c000 	D:\Android\jbr\bin\vcruntime140_1.dll
0x00007ff83f1b0000 - 0x00007ff83f23d000 	D:\Android\jbr\bin\msvcp140.dll
0x00007fffa0b20000 - 0x00007fffa178e000 	D:\Android\jbr\bin\server\jvm.dll
0x00007ff8e66e0000 - 0x00007ff8e6796000 	C:\WINDOWS\System32\ADVAPI32.dll
0x00007ff8e5b60000 - 0x00007ff8e5c07000 	C:\WINDOWS\System32\sechost.dll
0x00007ff8e6240000 - 0x00007ff8e6358000 	C:\WINDOWS\System32\RPCRT4.dll
0x00007ff8c7330000 - 0x00007ff8c733a000 	C:\WINDOWS\SYSTEM32\WSOCK32.dll
0x00007ff8e7230000 - 0x00007ff8e72b0000 	C:\WINDOWS\System32\WS2_32.dll
0x00007ff8ddb90000 - 0x00007ff8ddb9b000 	C:\WINDOWS\SYSTEM32\VERSION.dll
0x00007ff8ddb50000 - 0x00007ff8ddb86000 	C:\WINDOWS\SYSTEM32\WINMM.dll
0x00007ff8e3360000 - 0x00007ff8e337b000 	C:\WINDOWS\SYSTEM32\kernel.appcore.dll
0x00007ff8dde30000 - 0x00007ff8dde3a000 	D:\Android\jbr\bin\jimage.dll
0x00007ff8dab40000 - 0x00007ff8dad82000 	C:\WINDOWS\SYSTEM32\DBGHELP.DLL
0x00007ff8e7810000 - 0x00007ff8e7b92000 	C:\WINDOWS\System32\combase.dll
0x00007ff8e6360000 - 0x00007ff8e6438000 	C:\WINDOWS\System32\OLEAUT32.dll
0x00007ff8caa20000 - 0x00007ff8caa5b000 	C:\WINDOWS\SYSTEM32\dbgcore.DLL
0x00007ff8e4d30000 - 0x00007ff8e4dd5000 	C:\WINDOWS\System32\bcryptPrimitives.dll
0x00007ff8abc30000 - 0x00007ff8abc55000 	D:\Android\jbr\bin\java.dll
0x00007ff8abc90000 - 0x00007ff8abca8000 	D:\Android\jbr\bin\zip.dll
0x00007ff8e6a40000 - 0x00007ff8e71a7000 	C:\WINDOWS\System32\SHELL32.dll
0x00007ff8e57a0000 - 0x00007ff8e590a000 	C:\WINDOWS\System32\wintypes.dll
0x00007ff8e4e70000 - 0x00007ff8e56d8000 	C:\WINDOWS\System32\windows.storage.dll
0x00007ff8e5c10000 - 0x00007ff8e5d08000 	C:\WINDOWS\System32\SHCORE.dll
0x00007ff8e65b0000 - 0x00007ff8e6616000 	C:\WINDOWS\System32\shlwapi.dll
0x00007ff8e44f0000 - 0x00007ff8e4519000 	C:\WINDOWS\SYSTEM32\profapi.dll
0x00007ff89ea80000 - 0x00007ff89ea99000 	D:\Android\jbr\bin\net.dll
0x00007ff8db810000 - 0x00007ff8db93d000 	C:\WINDOWS\SYSTEM32\WINHTTP.dll
0x00007ff8e38d0000 - 0x00007ff8e393c000 	C:\WINDOWS\system32\mswsock.dll
0x00007ff88c0b0000 - 0x00007ff88c0c6000 	D:\Android\jbr\bin\nio.dll
0x00007ff8a66b0000 - 0x00007ff8a66c0000 	D:\Android\jbr\bin\verify.dll
0x00007ff867520000 - 0x00007ff867547000 	C:\Users\HP\.gradle\native\68d5fa5c4cc2d200863cafc0d521ce42e7d3e7ee720ec0a83991735586a16f82\windows-amd64\native-platform.dll
0x00007ff8663a0000 - 0x00007ff8664e4000 	C:\Users\HP\.gradle\native\e376f236ea51e6404a007f0833ffe2c6e607c4080706a723a18a27aeea778392\windows-amd64\native-platform-file-events.dll
0x00007ff89a7a0000 - 0x00007ff89a7a9000 	D:\Android\jbr\bin\management.dll
0x00007ff887430000 - 0x00007ff88743b000 	D:\Android\jbr\bin\management_ext.dll
0x00007ff8e72c0000 - 0x00007ff8e72c8000 	C:\WINDOWS\System32\PSAPI.DLL
0x00007ff8e3bb0000 - 0x00007ff8e3bcb000 	C:\WINDOWS\SYSTEM32\CRYPTSP.dll
0x00007ff8e32c0000 - 0x00007ff8e32f9000 	C:\WINDOWS\system32\rsaenh.dll
0x00007ff8e3980000 - 0x00007ff8e39b3000 	C:\WINDOWS\SYSTEM32\USERENV.dll
0x00007ff8e44c0000 - 0x00007ff8e44ea000 	C:\WINDOWS\SYSTEM32\bcrypt.dll
0x00007ff8e3bd0000 - 0x00007ff8e3bdc000 	C:\WINDOWS\SYSTEM32\CRYPTBASE.dll
0x00007ff8e2db0000 - 0x00007ff8e2de2000 	C:\WINDOWS\SYSTEM32\IPHLPAPI.DLL
0x00007ff8e5d10000 - 0x00007ff8e5d1a000 	C:\WINDOWS\System32\NSI.dll
0x00007ff8db7f0000 - 0x00007ff8db80d000 	C:\WINDOWS\SYSTEM32\dhcpcsvc6.DLL
0x00007ff8db7c0000 - 0x00007ff8db7e5000 	C:\WINDOWS\SYSTEM32\dhcpcsvc.DLL
0x00007ff8e2e50000 - 0x00007ff8e2f82000 	C:\WINDOWS\SYSTEM32\DNSAPI.dll
0x00007ff8a6120000 - 0x00007ff8a6128000 	C:\WINDOWS\system32\wshunix.dll

dbghelp: loaded successfully - version: 4.0.5 - missing functions: none
symbol engine: initialized successfully - sym options: 0x614 - pdb path: .;D:\Android\jbr\bin;C:\WINDOWS\SYSTEM32;C:\WINDOWS\WinSxS\amd64_microsoft.windows.common-controls_6595b64144ccf1df_6.0.26100.8115_none_3e075c82e3354f9c;D:\Android\jbr\bin\server;C:\Users\HP\.gradle\native\68d5fa5c4cc2d200863cafc0d521ce42e7d3e7ee720ec0a83991735586a16f82\windows-amd64;C:\Users\HP\.gradle\native\e376f236ea51e6404a007f0833ffe2c6e607c4080706a723a18a27aeea778392\windows-amd64

VM Arguments:
jvm_args: --add-opens=java.base/java.util=ALL-UNNAMED --add-opens=java.base/java.lang=ALL-UNNAMED --add-opens=java.base/java.lang.invoke=ALL-UNNAMED --add-opens=java.prefs/java.util.prefs=ALL-UNNAMED --add-opens=java.base/java.nio.charset=ALL-UNNAMED --add-opens=java.base/java.net=ALL-UNNAMED --add-opens=java.base/java.util.concurrent.atomic=ALL-UNNAMED -Xmx2048m -Dfile.encoding=UTF-8 -Duser.country=IN -Duser.language=en -Duser.variant 
java_command: org.gradle.launcher.daemon.bootstrap.GradleDaemon 8.0
java_class_path (initial): C:\Users\HP\.gradle\wrapper\dists\gradle-8.0-bin\ca5e32bp14vu59qr306oxotwh\gradle-8.0\lib\gradle-launcher-8.0.jar
Launcher Type: SUN_STANDARD

[Global flags]
     intx CICompilerCount                          = 3                                         {product} {ergonomic}
     uint ConcGCThreads                            = 1                                         {product} {ergonomic}
     uint G1ConcRefinementThreads                  = 4                                         {product} {ergonomic}
   size_t G1HeapRegionSize                         = 1048576                                   {product} {ergonomic}
    uintx GCDrainStackTargetSize                   = 64                                        {product} {ergonomic}
   size_t InitialHeapSize                          = 100663296                                 {product} {ergonomic}
   size_t MarkStackSize                            = 4194304                                   {product} {ergonomic}
   size_t MaxHeapSize                              = 2147483648                                {product} {command line}
   size_t MaxNewSize                               = 1287651328                                {product} {ergonomic}
   size_t MinHeapDeltaBytes                        = 1048576                                   {product} {ergonomic}
   size_t MinHeapSize                              = 8388608                                   {product} {ergonomic}
    uintx NonNMethodCodeHeapSize                   = 5832780                                {pd product} {ergonomic}
    uintx NonProfiledCodeHeapSize                  = 122912730                              {pd product} {ergonomic}
    uintx ProfiledCodeHeapSize                     = 122912730                              {pd product} {ergonomic}
    uintx ReservedCodeCacheSize                    = 251658240                              {pd product} {ergonomic}
     bool SegmentedCodeCache                       = true                                      {product} {ergonomic}
   size_t SoftMaxHeapSize                          = 2147483648                             {manageable} {ergonomic}
     bool UseCompressedClassPointers               = true                           {product lp64_product} {ergonomic}
     bool UseCompressedOops                        = true                           {product lp64_product} {ergonomic}
     bool UseG1GC                                  = true                                      {product} {ergonomic}
     bool UseLargePagesIndividualAllocation        = false                                  {pd product} {ergonomic}

Logging:
Log output configuration:
 #0: stdout all=warning uptime,level,tags
 #1: stderr all=off uptime,level,tags

Environment Variables:
PATH=C:\Program Files\Microsoft MPI\Bin\;C:\Program Files\Common Files\Oracle\Java\javapath;C:\Program Files (x86)\Common Files\Oracle\Java\java8path;C:\Program Files (x86)\Common Files\Oracle\Java\javapath;C:\app\HP\product\21c\dbhomeXE\bin;C:\Program Files (x86)\VMware\VMware Player\bin\;C:\WINDOWS\system32;C:\WINDOWS;C:\WINDOWS\System32\Wbem;C:\WINDOWS\System32\WindowsPowerShell\v1.0\;C:\WINDOWS\System32\OpenSSH\;C:\Program Files\Microsoft SQL Server\150\Tools\Binn\;C:\Program Files (x86)\Microsoft SQL Server\100\Tools\Binn\;C:\Program Files\Microsoft SQL Server\100\Tools\Binn\;C:\Program Files\Microsoft SQL Server\100\DTS\Binn\;C:\Program Files\Dart\dart-sdk\bin;C:\Program Files\Microsoft SQL Server\130\Tools\Binn\;C:\Program Files\nodejs\;C:\Program Files\OpenSSL-Win64\bin;C:\mingw64\bin;C:\Program Files\OpenSSL-Win64\lib\VC\x64\MD;C:\Program Files (x86)\Microsoft SQL Server\160\DTS\Binn\;C:\Program Files\dotnet\;C:\Program Files\Microsoft SQL Server\170\Tools\Binn\;C:\Program Files (x86)\Microsoft SQL Server\170\Tools\Binn\;C:\Program Files\Microsoft SQL Server\Client SDK\ODBC\180\Tools\Binn\;C:\Program Files\Microsoft SQL Server\170\DTS\Binn\;C:\Program Files\Microsoft SQL Server\Client SDK\ODBC\170\Tools\Binn\;C:\Program Files\Git\cmd;C:\Program Files\MySQL\MySQL Shell 8.0\bin\;C:\Users\HP\AppData\Local\Programs\Python\Python311\Scripts\;C:\Users\HP\AppData\Local\Programs\Python\Python311\;C:\Users\HP\AppData\Local\Microsoft\WindowsApps;D:\IntelliJ IDEA 2023.2\bin;;D:\IntelliJ IDEA Community Edition 2023.2\bin;;C:\Users\HP\AppData\Local\Programs\Microsoft VS Code\bin;C:\Users\HP\AppData\Roaming\npm;C:\msys64\ucrt64\bin;C:\Users\HP\.dotnet\tools;C:\xampp\php;C:\Users\HP\composer;C:\Users\HP\AppData\Roaming\Composer\vendor\bin
USERNAME=HP
OS=Windows_NT
PROCESSOR_IDENTIFIER=AMD64 Family 23 Model 24 Stepping 1, AuthenticAMD
TMP=C:\Users\HP\AppData\Local\Temp
TEMP=C:\Users\HP\AppData\Local\Temp


JNI global refs:
JNI global refs: 23, weak refs: 0

JNI global refs memory usage: 843, weak refs: 209


---------------  S Y S T E M  ---------------

OS:
 Windows 11 , 64 bit Build 26100 (10.0.26100.8246)
OS uptime: 0 days 5:15 hours

CPU: total 4 (initial active 4) (4 cores per cpu, 2 threads per core) family 23 model 24 stepping 1 microcode 0x8108109, cx8, cmov, fxsr, ht, mmx, 3dnowpref, sse, sse2, sse3, ssse3, sse4a, sse4.1, sse4.2, popcnt, lzcnt, tsc, tscinvbit, avx, avx2, aes, clmul, bmi1, bmi2, adx, sha, fma, vzeroupper, clflush, clflushopt

Memory: 4k page, system-wide physical 6063M (165M free)
TotalPageFile size 24495M (AvailPageFile size 3M)
current process WorkingSet (physical memory assigned to process): 143M, peak: 152M
current process commit charge ("private bytes"): 221M, peak: 231M

vm_info: OpenJDK 64-Bit Server VM (17.0.6+0-b2043.56-10027231) for windows-amd64 JRE (17.0.6+0-b2043.56-10027231), built on Apr 28 2023 00:43:19 by "androidbuild" with MS VC++ 16.10 / 16.11 (VS2019)

END.
